\BOOKMARK [1][-]{section.1}{Analyse des r\351sultats des participants et cr\351ation d'hypoth\350ses.}{}% 1
\BOOKMARK [2][-]{subsection.1.1}{Un aper\347u de l'ensemble de test.}{section.1}% 2
\BOOKMARK [1][-]{section.2}{Les r\351sultats et les scores des participants.}{}% 3
\BOOKMARK [2][-]{subsection.2.1}{Talos in the Swen.}{section.2}% 4
\BOOKMARK [3][-]{subsubsection.2.1.1}{Les sous-mod\350les de Talos in the Swen.}{subsection.2.1}% 5
\BOOKMARK [2][-]{subsection.2.2}{Le syst\350me Athene}{section.2}% 6
\BOOKMARK [2][-]{subsection.2.3}{UCL Machine Reader}{section.2}% 7
\BOOKMARK [2][-]{subsection.2.4}{Analyses et Hypoth\350ses}{section.2}% 8
\BOOKMARK [1][-]{section.3}{Apprentissage par ensemble: \040Le vote de majorit\351}{}% 9
\BOOKMARK [2][-]{subsection.3.1}{Explication du mod\350le.}{section.3}% 10
\BOOKMARK [2][-]{subsection.3.2}{Les r\351sultats des votes de majorit\351}{section.3}% 11
\BOOKMARK [3][-]{subsubsection.3.2.1}{Dominant: Talos in the swen}{subsection.3.2}% 12
\BOOKMARK [3][-]{subsubsection.3.2.2}{Dominant: Athene}{subsection.3.2}% 13
\BOOKMARK [3][-]{subsubsection.3.2.3}{Dominant: UCL Machine Reader}{subsection.3.2}% 14
\BOOKMARK [3][-]{subsubsection.3.2.4}{Commentaires sur les r\351sultats du vote de majorit\351}{subsection.3.2}% 15
\BOOKMARK [1][-]{section.4}{Apprentissage par ensemble: \040Par moyenne}{}% 16
\BOOKMARK [2][-]{subsection.4.1}{Mod\350les utiliseant 50/50 weighted average}{section.4}% 17
\BOOKMARK [2][-]{subsection.4.2}{R\351sultats}{section.4}% 18
\BOOKMARK [3][-]{subsubsection.4.2.1}{Mod\350les mixte UCLMR/Talos TF-Idf}{subsection.4.2}% 19
\BOOKMARK [3][-]{subsubsection.4.2.2}{Mod\351les mixte UCLMR/Talos sans TF-Idf}{subsection.4.2}% 20
\BOOKMARK [1][-]{section.5}{Apprentissage par ensemble: \040Avec Single Layer Learner}{}% 21
\BOOKMARK [2][-]{subsection.5.1}{Explication du mod\350le}{section.5}% 22
\BOOKMARK [3][-]{subsubsection.5.1.1}{Code du mod\350le}{subsection.5.1}% 23
\BOOKMARK [2][-]{subsection.5.2}{R\351sultats}{section.5}% 24
