\BOOKMARK [1][-]{section.1}{Qu'est-ce qu'une Fake News?}{}% 1
\BOOKMARK [2][-]{subsection.1.1}{D\351finition d'une Fake News.}{section.1}% 2
\BOOKMARK [3][-]{subsubsection.1.1.1}{Produire des Fake News; une intention de tromper.}{subsection.1.1}% 3
\BOOKMARK [3][-]{subsubsection.1.1.2}{Limites de la d\351finition.}{subsection.1.1}% 4
\BOOKMARK [2][-]{subsection.1.2}{Pourquoi produire des Fake News?}{section.1}% 5
\BOOKMARK [3][-]{subsubsection.1.2.1}{Le contexte des Fake News.}{subsection.1.2}% 6
\BOOKMARK [3][-]{subsubsection.1.2.2}{Le syst\350me mon\351taire des Fake News.}{subsection.1.2}% 7
\BOOKMARK [3][-]{subsubsection.1.2.3}{Raisons id\351ologiques.}{subsection.1.2}% 8
\BOOKMARK [2][-]{subsection.1.3}{Les origines des Fake News.}{section.1}% 9
\BOOKMARK [3][-]{subsubsection.1.3.1}{Des m\351dias n\351gligents.}{subsection.1.3}% 10
\BOOKMARK [3][-]{subsubsection.1.3.2}{Des organisations malveillantes internationales.}{subsection.1.3}% 11
\BOOKMARK [2][-]{subsection.1.4}{La propagation des Fake News.}{section.1}% 12
\BOOKMARK [3][-]{subsubsection.1.4.1}{Les r\351seaux sociaux : m\351diations des Fakes News}{subsection.1.4}% 13
\BOOKMARK [3][-]{subsubsection.1.4.2}{Le biais de confirmation.}{subsection.1.4}% 14
\BOOKMARK [3][-]{subsubsection.1.4.3}{Tri de l'information selon Kahneman.}{subsection.1.4}% 15
\BOOKMARK [2][-]{subsection.1.5}{Les risques des Fake News.}{section.1}% 16
\BOOKMARK [3][-]{subsubsection.1.5.1}{Les risques politiques.}{subsection.1.5}% 17
\BOOKMARK [3][-]{subsubsection.1.5.2}{Les risques sanitaires.}{subsection.1.5}% 18
\BOOKMARK [3][-]{subsubsection.1.5.3}{D\351tournement des news vers des sujets clivants.}{subsection.1.5}% 19
\BOOKMARK [2][-]{subsection.1.6}{L\351gitimit\351 du projet et motivations.}{section.1}% 20
\BOOKMARK [2][-]{subsection.1.7}{Comment d\351tecter une Fake News?}{section.1}% 21
\BOOKMARK [3][-]{subsubsection.1.7.1}{Comment v\351rifier des informations ?}{subsection.1.7}% 22
\BOOKMARK [3][-]{subsubsection.1.7.2}{M\351thode informatique: Stance detection.}{subsection.1.7}% 23
