\BOOKMARK [1][-]{section.1}{Vers une d\351finition.}{}% 1
\BOOKMARK [2][-]{subsection.1.1}{Formalisation de la Stance Detection.}{section.1}% 2
\BOOKMARK [2][-]{subsection.1.2}{Domaine de la d\351tection de parti.}{section.1}% 3
\BOOKMARK [2][-]{subsection.1.3}{La gen\350se de la d\351tection de parti pris.}{section.1}% 4
\BOOKMARK [2][-]{subsection.1.4}{Application g\351n\351rale et relative au Fake News.}{section.1}% 5
\BOOKMARK [1][-]{section.2}{SemEval-2016 Task 6.}{}% 6
\BOOKMARK [2][-]{subsection.2.1}{Description g\351n\351rale de la t\342che.}{section.2}% 7
\BOOKMARK [3][-]{subsubsection.2.1.1}{Sous-t\342che A.}{subsection.2.1}% 8
\BOOKMARK [3][-]{subsubsection.2.1.2}{Sous-t\342che B.}{subsection.2.1}% 9
\BOOKMARK [3][-]{subsubsection.2.1.3}{\311valuation.}{subsection.2.1}% 10
\BOOKMARK [2][-]{subsection.2.2}{Les participants.}{section.2}% 11
\BOOKMARK [3][-]{subsubsection.2.2.1}{D\351pots en g\351n\351ral.}{subsection.2.2}% 12
\BOOKMARK [3][-]{subsubsection.2.2.2}{D\351pots particuliers.}{subsection.2.2}% 13
\BOOKMARK [3][-]{subsubsection.2.2.3}{Discussions comparatives.}{subsection.2.2}% 14
\BOOKMARK [1][-]{section.3}{Fake News Challenge.}{}% 15
\BOOKMARK [2][-]{subsection.3.1}{Description g\351n\351rale de la t\342che}{section.3}% 16
\BOOKMARK [3][-]{subsubsection.3.1.1}{But.}{subsection.3.1}% 17
\BOOKMARK [3][-]{subsubsection.3.1.2}{Organisation g\351n\351rale.}{subsection.3.1}% 18
\BOOKMARK [3][-]{subsubsection.3.1.3}{Donn\351es et origines des donn\351es.}{subsection.3.1}% 19
\BOOKMARK [3][-]{subsubsection.3.1.4}{L'\351valuation.}{subsection.3.1}% 20
\BOOKMARK [3][-]{subsubsection.3.1.5}{Baseline.}{subsection.3.1}% 21
\BOOKMARK [3][-]{subsubsection.3.1.6}{Les participants.}{subsection.3.1}% 22
\BOOKMARK [2][-]{subsection.3.2}{Solat in the swen.}{section.3}% 23
\BOOKMARK [3][-]{subsubsection.3.2.1}{M\351thodologie.}{subsection.3.2}% 24
\BOOKMARK [3][-]{subsubsection.3.2.2}{R\351sultats.}{subsection.3.2}% 25
\BOOKMARK [2][-]{subsection.3.3}{Athene \(UKP Lab\).}{section.3}% 26
\BOOKMARK [3][-]{subsubsection.3.3.1}{M\351thodologie.}{subsection.3.3}% 27
\BOOKMARK [3][-]{subsubsection.3.3.2}{R\351sultats}{subsection.3.3}% 28
\BOOKMARK [2][-]{subsection.3.4}{UCL Machine reading.}{section.3}% 29
\BOOKMARK [3][-]{subsubsection.3.4.1}{M\351thodologie.}{subsection.3.4}% 30
\BOOKMARK [3][-]{subsubsection.3.4.2}{R\351sultats.}{subsection.3.4}% 31
\BOOKMARK [2][-]{subsection.3.5}{Discussion comparative des mod\350les et des r\351sultats.}{section.3}% 32
